<?xml version="1.0" encoding="utf-8"?><testsuites><testsuite name="pytest" errors="0" failures="0" skipped="1" tests="3" time="0.514" timestamp="2026-03-05T19:29:05.832109" hostname="ryanleai-G5-5587"><testcase classname="drone_bridge.test.test_copyright" name="test_copyright" time="0.001"><skipped type="pytest.skip" message="No copyright header has been placed in the generated source file.">/home/ryanleai/ROSpack/ros2_ws/src/drone_bridge/test/test_copyright.py:20: No copyright header has been placed in the generated source file.</skipped></testcase><testcase classname="drone_bridge.test.test_flake8" name="test_flake8" time="0.179" /><testcase classname="drone_bridge.test.test_pep257" name="test_pep257" time="0.059" /></testsuite></testsuites>